<?xml version="1.0" encoding="UTF-8"?>
<testng-results skipped="0" failed="0" total="2" passed="2">
  <reporter-output>
  </reporter-output>
  <suite name="Default suite" duration-ms="10417" started-at="2020-01-28T06:37:48Z" finished-at="2020-01-28T06:37:59Z">
    <groups>
    </groups>
    <test name="Default test" duration-ms="10417" started-at="2020-01-28T06:37:48Z" finished-at="2020-01-28T06:37:59Z">
      <class name="OrangeHRM.OrangeHRM_TestPage">
        <test-method status="PASS" signature="PreCondtion()[pri:0, instance:OrangeHRM.OrangeHRM_TestPage@2ef5e5e3]" name="PreCondtion" is-config="true" duration-ms="9003" started-at="2020-01-28T12:07:39Z" finished-at="2020-01-28T12:07:48Z">
          <reporter-output>
          </reporter-output>
        </test-method> <!-- PreCondtion -->
        <test-method status="PASS" signature="test()[pri:1, instance:OrangeHRM.OrangeHRM_TestPage@2ef5e5e3]" name="test" duration-ms="2280" started-at="2020-01-28T12:07:48Z" finished-at="2020-01-28T12:07:50Z">
          <reporter-output>
          </reporter-output>
        </test-method> <!-- test -->
        <test-method status="PASS" signature="test1()[pri:2, instance:OrangeHRM.OrangeHRM_TestPage@2ef5e5e3]" name="test1" duration-ms="8114" started-at="2020-01-28T12:07:50Z" finished-at="2020-01-28T12:07:59Z">
          <reporter-output>
          </reporter-output>
        </test-method> <!-- test1 -->
        <test-method status="FAIL" signature="PostCondtion()[pri:0, instance:OrangeHRM.OrangeHRM_TestPage@2ef5e5e3]" name="PostCondtion" is-config="true" duration-ms="0" started-at="2020-01-28T12:07:59Z" finished-at="2020-01-28T12:07:59Z">
          <exception class="java.lang.NullPointerException">
            <full-stacktrace>
              <![CDATA[java.lang.NullPointerException
	at OrangeHRM.OrangeHRM_TestPage.PostCondtion(OrangeHRM_TestPage.java:46)
	at sun.reflect.NativeMethodAccessorImpl.invoke0(Native Method)
	at sun.reflect.NativeMethodAccessorImpl.invoke(Unknown Source)
	at sun.reflect.DelegatingMethodAccessorImpl.invoke(Unknown Source)
	at java.lang.reflect.Method.invoke(Unknown Source)
	at org.testng.internal.MethodInvocationHelper.invokeMethod(MethodInvocationHelper.java:100)
	at org.testng.internal.Invoker.invokeConfigurationMethod(Invoker.java:515)
	at org.testng.internal.Invoker.invokeConfigurations(Invoker.java:216)
	at org.testng.internal.Invoker.invokeConfigurations(Invoker.java:143)
	at org.testng.SuiteRunner.privateRun(SuiteRunner.java:338)
	at org.testng.SuiteRunner.run(SuiteRunner.java:270)
	at org.testng.SuiteRunnerWorker.runSuite(SuiteRunnerWorker.java:52)
	at org.testng.SuiteRunnerWorker.run(SuiteRunnerWorker.java:86)
	at org.testng.TestNG.runSuitesSequentially(TestNG.java:1284)
	at org.testng.TestNG.runSuitesLocally(TestNG.java:1209)
	at org.testng.TestNG.runSuites(TestNG.java:1124)
	at org.testng.TestNG.run(TestNG.java:1096)
	at org.testng.remote.AbstractRemoteTestNG.run(AbstractRemoteTestNG.java:132)
	at org.testng.remote.RemoteTestNG.initAndRun(RemoteTestNG.java:236)
	at org.testng.remote.RemoteTestNG.main(RemoteTestNG.java:81)
]]>
            </full-stacktrace>
          </exception> <!-- java.lang.NullPointerException -->
          <reporter-output>
          </reporter-output>
        </test-method> <!-- PostCondtion -->
      </class> <!-- OrangeHRM.OrangeHRM_TestPage -->
    </test> <!-- Default test -->
  </suite> <!-- Default suite -->
</testng-results>
